#
# There is insufficient memory for the Java Runtime Environment to continue.
# Native memory allocation (malloc) failed to allocate 1356496 bytes. Error detail: Chunk::new
# Possible reasons:
#   The system is out of physical RAM or swap space
#   This process is running with CompressedOops enabled, and the Java Heap may be blocking the growth of the native heap
# Possible solutions:
#   Reduce memory load on the system
#   Increase physical memory or swap space
#   Check if swap backing store is full
#   Decrease Java heap size (-Xmx/-Xms)
#   Decrease number of Java threads
#   Decrease Java thread stack sizes (-Xss)
#   Set larger code cache with -XX:ReservedCodeCacheSize=
#   JVM is running with Unscaled Compressed Oops mode in which the Java heap is
#     placed in the first 4GB address space. The Java Heap base address is the
#     maximum limit for the native heap growth. Please use -XX:HeapBaseMinAddress
#     to set the Java Heap base and to place the Java Heap above 4GB virtual address.
# This output file may be truncated or incomplete.
#
#  Out of Memory Error (arena.cpp:191), pid=3556, tid=24396
#
# JRE version: OpenJDK Runtime Environment Temurin-17.0.17+10 (17.0.17+10) (build 17.0.17+10)
# Java VM: OpenJDK 64-Bit Server VM Temurin-17.0.17+10 (17.0.17+10, mixed mode, sharing, tiered, compressed oops, compressed class ptrs, g1 gc, windows-amd64)
# No core dump will be written. Minidumps are not enabled by default on client versions of Windows
#

---------------  S U M M A R Y ------------

Command Line: --module-path=D:\Program Files\javafx-sdk-17.0.17\lib --add-modules=javafx.controls,javafx.fxml -javaagent:D:\Program Files\IntelliJ IDEA 2025.2.5\lib\idea_rt.jar=57541 -Dfile.encoding=UTF-8 com.entreprise.Main

Host: Intel(R) Core(TM) i5-8350U CPU @ 1.70GHz, 8 cores, 7G,  Windows 11 , 64 bit Build 26100 (10.0.26100.7019)
Time: Thu Jan  1 01:06:47 2026 Morocco Daylight Time elapsed time: 1528.069580 seconds (0d 0h 25m 28s)

---------------  T H R E A D  ---------------

Current thread (0x000001dcb6e9a0c0):  JavaThread "C2 CompilerThread0" daemon [_thread_in_native, id=24396, stack(0x0000002c98400000,0x0000002c98500000)]


Current CompileTask:
C2:1528071 8887   !   4       com.sun.glass.ui.InvokeLaterDispatcher$Future::run (91 bytes)

Stack: [0x0000002c98400000,0x0000002c98500000]
Native frames: (J=compiled Java code, j=interpreted, Vv=VM code, C=native code)
V  [jvm.dll+0x683fb9]
V  [jvm.dll+0x83a1b5]
V  [jvm.dll+0x83bc2e]
V  [jvm.dll+0x83c2b3]
V  [jvm.dll+0x248eff]
V  [jvm.dll+0xad496]
V  [jvm.dll+0xadb3c]
V  [jvm.dll+0x2b05df]
V  [jvm.dll+0x58a5b5]
V  [jvm.dll+0x222e84]
V  [jvm.dll+0x21b84e]
V  [jvm.dll+0x2190fe]
V  [jvm.dll+0x1a4920]
V  [jvm.dll+0x22989a]
V  [jvm.dll+0x227a4b]
V  [jvm.dll+0x7effb8]
V  [jvm.dll+0x7ea44c]
V  [jvm.dll+0x682e87]
C  [ucrtbase.dll+0x37b0]
C  [KERNEL32.DLL+0x2e8d7]
C  [ntdll.dll+0x8c53c]


---------------  P R O C E S S  ---------------

Threads class SMR info:
_java_thread_list=0x000001dc8d78ea20, length=24, elements={
0x000001dc98579ee0, 0x000001dcb6e7d7a0, 0x000001dcb6e7e360, 0x000001dcb6e90650,
0x000001dcb6e93020, 0x000001dcb6e939e0, 0x000001dcb6e993d0, 0x000001dcb6e9a0c0,
0x000001dcb6ea5fe0, 0x000001dcb6ea9a00, 0x000001dcb73f0bd0, 0x000001dcb73f10e0,
0x000001dcb73f2010, 0x000001dcb73f15f0, 0x000001dcb73f2520, 0x000001dcb73f1b00,
0x000001dcfd72d6e0, 0x000001dcfd72c7b0, 0x000001dcfd72d1d0, 0x000001dcfd72dbf0,
0x000001dcfd72e100, 0x000001dcfd72f030, 0x000001dcfd72c2a0, 0x000001dcfd730470
}

Java Threads: ( => current thread )
  0x000001dc98579ee0 JavaThread "main" [_thread_blocked, id=16712, stack(0x0000002c97700000,0x0000002c97800000)]
  0x000001dcb6e7d7a0 JavaThread "Reference Handler" daemon [_thread_blocked, id=7480, stack(0x0000002c97e00000,0x0000002c97f00000)]
  0x000001dcb6e7e360 JavaThread "Finalizer" daemon [_thread_blocked, id=7820, stack(0x0000002c97f00000,0x0000002c98000000)]
  0x000001dcb6e90650 JavaThread "Signal Dispatcher" daemon [_thread_blocked, id=17172, stack(0x0000002c98000000,0x0000002c98100000)]
  0x000001dcb6e93020 JavaThread "Attach Listener" daemon [_thread_blocked, id=22248, stack(0x0000002c98100000,0x0000002c98200000)]
  0x000001dcb6e939e0 JavaThread "Service Thread" daemon [_thread_blocked, id=11252, stack(0x0000002c98200000,0x0000002c98300000)]
  0x000001dcb6e993d0 JavaThread "Monitor Deflation Thread" daemon [_thread_blocked, id=2968, stack(0x0000002c98300000,0x0000002c98400000)]
=>0x000001dcb6e9a0c0 JavaThread "C2 CompilerThread0" daemon [_thread_in_native, id=24396, stack(0x0000002c98400000,0x0000002c98500000)]
  0x000001dcb6ea5fe0 JavaThread "C1 CompilerThread0" daemon [_thread_blocked, id=9208, stack(0x0000002c98500000,0x0000002c98600000)]
  0x000001dcb6ea9a00 JavaThread "Sweeper thread" daemon [_thread_blocked, id=25880, stack(0x0000002c98600000,0x0000002c98700000)]
  0x000001dcb73f0bd0 JavaThread "Common-Cleaner" daemon [_thread_blocked, id=1540, stack(0x0000002c98700000,0x0000002c98800000)]
  0x000001dcb73f10e0 JavaThread "Monitor Ctrl-Break" daemon [_thread_in_native, id=20972, stack(0x0000002c98a00000,0x0000002c98b00000)]
  0x000001dcb73f2010 JavaThread "Notification Thread" daemon [_thread_blocked, id=21992, stack(0x0000002c98b00000,0x0000002c98c00000)]
  0x000001dcb73f15f0 JavaThread "QuantumRenderer-0" daemon [_thread_blocked, id=11760, stack(0x0000002c98d00000,0x0000002c98e00000)]
  0x000001dcb73f2520 JavaThread "InvokeLaterDispatcher" daemon [_thread_blocked, id=13504, stack(0x0000002c98800000,0x0000002c98900000)]
  0x000001dcb73f1b00 JavaThread "JavaFX Application Thread" [_thread_in_native, id=24964, stack(0x0000002c98900000,0x0000002c98a00000)]
  0x000001dcfd72d6e0 JavaThread "JavaFX-Launcher" [_thread_blocked, id=168, stack(0x0000002c99300000,0x0000002c99400000)]
  0x000001dcfd72c7b0 JavaThread "Thread-2" daemon [_thread_in_native, id=13568, stack(0x0000002c99200000,0x0000002c99300000)]
  0x000001dcfd72d1d0 JavaThread "RMI TCP Accept-0" daemon [_thread_in_native, id=9544, stack(0x0000002c99c00000,0x0000002c99d00000)]
  0x000001dcfd72dbf0 JavaThread "RMI Scheduler(0)" daemon [_thread_blocked, id=25676, stack(0x0000002c99e00000,0x0000002c99f00000)]
  0x000001dcfd72e100 JavaThread "JMX server connection timeout 26" daemon [_thread_blocked, id=26444, stack(0x0000002c99f00000,0x0000002c9a000000)]
  0x000001dcfd72f030 JavaThread "Prism Font Disposer" daemon [_thread_blocked, id=28084, stack(0x0000002c99100000,0x0000002c99200000)]
  0x000001dcfd72c2a0 JavaThread "Cleaner-0" daemon [_thread_blocked, id=27372, stack(0x0000002c9a700000,0x0000002c9a800000)]
  0x000001dcfd730470 JavaThread "RMI TCP Connection(2)-172.20.0.1" daemon [_thread_in_native, id=21400, stack(0x0000002c97400000,0x0000002c97500000)]

Other Threads:
  0x000001dcb6e7a270 VMThread "VM Thread" [stack: 0x0000002c97d00000,0x0000002c97e00000] [id=20064]
  0x000001dcfd0850d0 WatcherThread [stack: 0x0000002c98c00000,0x0000002c98d00000] [id=24264]
  0x000001dc985d4ae0 GCTaskThread "GC Thread#0" [stack: 0x0000002c97800000,0x0000002c97900000] [id=21900]
  0x000001dcfd6938e0 GCTaskThread "GC Thread#1" [stack: 0x0000002c99400000,0x0000002c99500000] [id=23880]
  0x000001dcfd7ee070 GCTaskThread "GC Thread#2" [stack: 0x0000002c99500000,0x0000002c99600000] [id=12072]
  0x000001dcfd4fa880 GCTaskThread "GC Thread#3" [stack: 0x0000002c99600000,0x0000002c99700000] [id=26892]
  0x000001dcfd4fab40 GCTaskThread "GC Thread#4" [stack: 0x0000002c99700000,0x0000002c99800000] [id=11984]
  0x000001dcfd4fae00 GCTaskThread "GC Thread#5" [stack: 0x0000002c99800000,0x0000002c99900000] [id=23160]
  0x000001dcfd509880 GCTaskThread "GC Thread#6" [stack: 0x0000002c99900000,0x0000002c99a00000] [id=24152]
  0x000001dcfd509b40 GCTaskThread "GC Thread#7" [stack: 0x0000002c99a00000,0x0000002c99b00000] [id=23100]
  0x000001dc985e6340 ConcurrentGCThread "G1 Main Marker" [stack: 0x0000002c97900000,0x0000002c97a00000] [id=24872]
  0x000001dc985e9510 ConcurrentGCThread "G1 Conc#0" [stack: 0x0000002c97a00000,0x0000002c97b00000] [id=21468]
  0x000001dcfef1fad0 ConcurrentGCThread "G1 Conc#1" [stack: 0x0000002c9a200000,0x0000002c9a300000] [id=22792]
  0x000001dcb6d25e40 ConcurrentGCThread "G1 Refine#0" [stack: 0x0000002c97b00000,0x0000002c97c00000] [id=9668]
  0x000001dcfd51fcc0 ConcurrentGCThread "G1 Refine#1" [stack: 0x0000002c99b00000,0x0000002c99c00000] [id=25784]
  0x000001dcb6d26620 ConcurrentGCThread "G1 Service" [stack: 0x0000002c97c00000,0x0000002c97d00000] [id=2116]

Threads with active compile tasks:
C2 CompilerThread0  1528189 8887   !   4       com.sun.glass.ui.InvokeLaterDispatcher$Future::run (91 bytes)

VM state: not at safepoint (normal execution)

VM Mutex/Monitor currently owned by a thread: None

Heap address: 0x0000000081e00000, size: 2018 MB, Compressed Oops mode: 32-bit

CDS archive(s) mapped at: [0x000001dcb8000000-0x000001dcb8bb0000-0x000001dcb8bb0000), size 12255232, SharedBaseAddress: 0x000001dcb8000000, ArchiveRelocationMode: 1.
Compressed class space mapped at: 0x000001dcb9000000-0x000001dcf9000000, reserved size: 1073741824
Narrow klass base: 0x000001dcb8000000, Narrow klass shift: 0, Narrow klass range: 0x100000000

GC Precious Log:
 CPUs: 8 total, 8 available
 Memory: 8070M
 Large Page Support: Disabled
 NUMA Support: Disabled
 Compressed Oops: Enabled (32-bit)
 Heap Region Size: 1M
 Heap Min Capacity: 8M
 Heap Initial Capacity: 128M
 Heap Max Capacity: 2018M
 Pre-touch: Disabled
 Parallel Workers: 8
 Concurrent Workers: 2
 Concurrent Refinement Workers: 8
 Periodic GC: Disabled

Heap:
 garbage-first heap   total 106496K, used 38040K [0x0000000081e00000, 0x0000000100000000)
  region size 1024K, 9 young (9216K), 1 survivors (1024K)
 Metaspace       used 33525K, committed 33920K, reserved 1114112K
  class space    used 4214K, committed 4416K, reserved 1048576K

Heap Regions: E=young(eden), S=young(survivor), O=old, HS=humongous(starts), HC=humongous(continues), CS=collection set, F=free, OA=open archive, CA=closed archive, TAMS=top-at-mark-start (previous, next)
|   0|0x0000000081e00000, 0x0000000081f00000, 0x0000000081f00000|100%| O|  |TAMS 0x0000000081f00000, 0x0000000081e00000| Untracked 
|   1|0x0000000081f00000, 0x0000000082000000, 0x0000000082000000|100%| O|  |TAMS 0x0000000082000000, 0x0000000081f00000| Untracked 
|   2|0x0000000082000000, 0x0000000082100000, 0x0000000082100000|100%| O|  |TAMS 0x0000000082100000, 0x0000000082000000| Untracked 
|   3|0x0000000082100000, 0x0000000082200000, 0x0000000082200000|100%| O|  |TAMS 0x0000000082200000, 0x0000000082100000| Untracked 
|   4|0x0000000082200000, 0x0000000082300000, 0x0000000082300000|100%| O|  |TAMS 0x0000000082300000, 0x0000000082200000| Untracked 
|   5|0x0000000082300000, 0x0000000082300000, 0x0000000082400000|  0%| F|  |TAMS 0x0000000082300000, 0x0000000082300000| Untracked 
|   6|0x0000000082400000, 0x0000000082500000, 0x0000000082500000|100%|HS|  |TAMS 0x0000000082500000, 0x0000000082400000| Complete 
|   7|0x0000000082500000, 0x0000000082600000, 0x0000000082600000|100%|HC|  |TAMS 0x0000000082600000, 0x0000000082500000| Complete 
|   8|0x0000000082600000, 0x0000000082700000, 0x0000000082700000|100%|HS|  |TAMS 0x0000000082700000, 0x0000000082600000| Complete 
|   9|0x0000000082700000, 0x0000000082800000, 0x0000000082800000|100%|HC|  |TAMS 0x0000000082800000, 0x0000000082700000| Complete 
|  10|0x0000000082800000, 0x0000000082900000, 0x0000000082900000|100%| O|  |TAMS 0x0000000082900000, 0x0000000082800000| Untracked 
|  11|0x0000000082900000, 0x00000000829a1e00, 0x0000000082a00000| 63%| O|  |TAMS 0x00000000829a1e00, 0x0000000082900000| Untracked 
|  12|0x0000000082a00000, 0x0000000082a00000, 0x0000000082b00000|  0%| F|  |TAMS 0x0000000082a00000, 0x0000000082a00000| Untracked 
|  13|0x0000000082b00000, 0x0000000082c00000, 0x0000000082c00000|100%| O|  |TAMS 0x0000000082b00000, 0x0000000082b00000| Untracked 
|  14|0x0000000082c00000, 0x0000000082d00000, 0x0000000082d00000|100%| O|  |TAMS 0x0000000082c00000, 0x0000000082c00000| Untracked 
|  15|0x0000000082d00000, 0x0000000082e00000, 0x0000000082e00000|100%| O|  |TAMS 0x0000000082d00000, 0x0000000082d00000| Untracked 
|  16|0x0000000082e00000, 0x0000000082f00000, 0x0000000082f00000|100%| O|  |TAMS 0x0000000082f00000, 0x0000000082e00000| Untracked 
|  17|0x0000000082f00000, 0x0000000083000000, 0x0000000083000000|100%| O|  |TAMS 0x0000000083000000, 0x0000000082f00000| Untracked 
|  18|0x0000000083000000, 0x0000000083100000, 0x0000000083100000|100%| O|  |TAMS 0x0000000083100000, 0x0000000083000000| Untracked 
|  19|0x0000000083100000, 0x0000000083200000, 0x0000000083200000|100%| O|  |TAMS 0x0000000083100000, 0x0000000083100000| Untracked 
|  20|0x0000000083200000, 0x0000000083300000, 0x0000000083300000|100%| O|  |TAMS 0x0000000083300000, 0x0000000083200000| Untracked 
|  21|0x0000000083300000, 0x0000000083400000, 0x0000000083400000|100%| O|  |TAMS 0x0000000083400000, 0x0000000083300000| Untracked 
|  22|0x0000000083400000, 0x0000000083500000, 0x0000000083500000|100%| O|  |TAMS 0x0000000083400000, 0x0000000083400000| Untracked 
|  23|0x0000000083500000, 0x0000000083600000, 0x0000000083600000|100%| O|  |TAMS 0x0000000083600000, 0x0000000083500000| Untracked 
|  24|0x0000000083600000, 0x0000000083700000, 0x0000000083700000|100%| O|  |TAMS 0x0000000083600000, 0x0000000083600000| Untracked 
|  25|0x0000000083700000, 0x0000000083800000, 0x0000000083800000|100%| O|  |TAMS 0x0000000083800000, 0x0000000083700000| Untracked 
|  26|0x0000000083800000, 0x0000000083900000, 0x0000000083900000|100%| O|  |TAMS 0x0000000083900000, 0x0000000083800000| Untracked 
|  27|0x0000000083900000, 0x0000000083900000, 0x0000000083a00000|  0%| F|  |TAMS 0x0000000083900000, 0x0000000083900000| Untracked 
|  28|0x0000000083a00000, 0x0000000083a00000, 0x0000000083b00000|  0%| F|  |TAMS 0x0000000083a00000, 0x0000000083a00000| Untracked 
|  29|0x0000000083b00000, 0x0000000083c00000, 0x0000000083c00000|100%| O|  |TAMS 0x0000000083c00000, 0x0000000083b00000| Untracked 
|  30|0x0000000083c00000, 0x0000000083d00000, 0x0000000083d00000|100%| O|  |TAMS 0x0000000083d00000, 0x0000000083c00000| Untracked 
|  31|0x0000000083d00000, 0x0000000083e00000, 0x0000000083e00000|100%| O|  |TAMS 0x0000000083e00000, 0x0000000083d00000| Untracked 
|  32|0x0000000083e00000, 0x0000000083e3a400, 0x0000000083f00000| 22%| O|  |TAMS 0x0000000083e00000, 0x0000000083e00000| Untracked 
|  33|0x0000000083f00000, 0x0000000084000000, 0x0000000084000000|100%| O|  |TAMS 0x0000000084000000, 0x0000000083f00000| Untracked 
|  34|0x0000000084000000, 0x0000000084100000, 0x0000000084100000|100%| O|  |TAMS 0x0000000084100000, 0x0000000084000000| Untracked 
|  35|0x0000000084100000, 0x0000000084100000, 0x0000000084200000|  0%| F|  |TAMS 0x0000000084100000, 0x0000000084100000| Untracked 
|  36|0x0000000084200000, 0x0000000084200000, 0x0000000084300000|  0%| F|  |TAMS 0x0000000084200000, 0x0000000084200000| Untracked 
|  37|0x0000000084300000, 0x0000000084300000, 0x0000000084400000|  0%| F|  |TAMS 0x0000000084300000, 0x0000000084300000| Untracked 
|  38|0x0000000084400000, 0x0000000084400000, 0x0000000084500000|  0%| F|  |TAMS 0x0000000084400000, 0x0000000084400000| Untracked 
|  39|0x0000000084500000, 0x0000000084500000, 0x0000000084600000|  0%| F|  |TAMS 0x0000000084500000, 0x0000000084500000| Untracked 
|  40|0x0000000084600000, 0x0000000084600000, 0x0000000084700000|  0%| F|  |TAMS 0x0000000084600000, 0x0000000084600000| Untracked 
|  41|0x0000000084700000, 0x0000000084700000, 0x0000000084800000|  0%| F|  |TAMS 0x0000000084700000, 0x0000000084700000| Untracked 
|  42|0x0000000084800000, 0x0000000084800000, 0x0000000084900000|  0%| F|  |TAMS 0x0000000084800000, 0x0000000084800000| Untracked 
|  43|0x0000000084900000, 0x0000000084900000, 0x0000000084a00000|  0%| F|  |TAMS 0x0000000084900000, 0x0000000084900000| Untracked 
|  44|0x0000000084a00000, 0x0000000084a00000, 0x0000000084b00000|  0%| F|  |TAMS 0x0000000084a00000, 0x0000000084a00000| Untracked 
|  45|0x0000000084b00000, 0x0000000084b00000, 0x0000000084c00000|  0%| F|  |TAMS 0x0000000084b00000, 0x0000000084b00000| Untracked 
|  46|0x0000000084c00000, 0x0000000084c00000, 0x0000000084d00000|  0%| F|  |TAMS 0x0000000084c00000, 0x0000000084c00000| Untracked 
|  47|0x0000000084d00000, 0x0000000084d00000, 0x0000000084e00000|  0%| F|  |TAMS 0x0000000084d00000, 0x0000000084d00000| Untracked 
|  48|0x0000000084e00000, 0x0000000084e00000, 0x0000000084f00000|  0%| F|  |TAMS 0x0000000084e00000, 0x0000000084e00000| Untracked 
|  49|0x0000000084f00000, 0x0000000084f00000, 0x0000000085000000|  0%| F|  |TAMS 0x0000000084f00000, 0x0000000084f00000| Untracked 
|  50|0x0000000085000000, 0x0000000085000000, 0x0000000085100000|  0%| F|  |TAMS 0x0000000085000000, 0x0000000085000000| Untracked 
|  51|0x0000000085100000, 0x0000000085100000, 0x0000000085200000|  0%| F|  |TAMS 0x0000000085100000, 0x0000000085100000| Untracked 
|  52|0x0000000085200000, 0x0000000085200000, 0x0000000085300000|  0%| F|  |TAMS 0x0000000085200000, 0x0000000085200000| Untracked 
|  53|0x0000000085300000, 0x0000000085300000, 0x0000000085400000|  0%| F|  |TAMS 0x0000000085300000, 0x0000000085300000| Untracked 
|  54|0x0000000085400000, 0x0000000085400000, 0x0000000085500000|  0%| F|  |TAMS 0x0000000085400000, 0x0000000085400000| Untracked 
|  55|0x0000000085500000, 0x0000000085500000, 0x0000000085600000|  0%| F|  |TAMS 0x0000000085500000, 0x0000000085500000| Untracked 
|  56|0x0000000085600000, 0x0000000085600000, 0x0000000085700000|  0%| F|  |TAMS 0x0000000085600000, 0x0000000085600000| Untracked 
|  57|0x0000000085700000, 0x0000000085700000, 0x0000000085800000|  0%| F|  |TAMS 0x0000000085700000, 0x0000000085700000| Untracked 
|  58|0x0000000085800000, 0x0000000085800000, 0x0000000085900000|  0%| F|  |TAMS 0x0000000085800000, 0x0000000085800000| Untracked 
|  59|0x0000000085900000, 0x0000000085900000, 0x0000000085a00000|  0%| F|  |TAMS 0x0000000085900000, 0x0000000085900000| Untracked 
|  60|0x0000000085a00000, 0x0000000085a00000, 0x0000000085b00000|  0%| F|  |TAMS 0x0000000085a00000, 0x0000000085a00000| Untracked 
|  61|0x0000000085b00000, 0x0000000085b00000, 0x0000000085c00000|  0%| F|  |TAMS 0x0000000085b00000, 0x0000000085b00000| Untracked 
|  62|0x0000000085c00000, 0x0000000085c00000, 0x0000000085d00000|  0%| F|  |TAMS 0x0000000085c00000, 0x0000000085c00000| Untracked 
|  63|0x0000000085d00000, 0x0000000085d00000, 0x0000000085e00000|  0%| F|  |TAMS 0x0000000085d00000, 0x0000000085d00000| Untracked 
|  64|0x0000000085e00000, 0x0000000085e00000, 0x0000000085f00000|  0%| F|  |TAMS 0x0000000085e00000, 0x0000000085e00000| Untracked 
|  65|0x0000000085f00000, 0x0000000085f00000, 0x0000000086000000|  0%| F|  |TAMS 0x0000000085f00000, 0x0000000085f00000| Untracked 
|  66|0x0000000086000000, 0x0000000086000000, 0x0000000086100000|  0%| F|  |TAMS 0x0000000086000000, 0x0000000086000000| Untracked 
|  67|0x0000000086100000, 0x0000000086100000, 0x0000000086200000|  0%| F|  |TAMS 0x0000000086100000, 0x0000000086100000| Untracked 
|  68|0x0000000086200000, 0x0000000086200000, 0x0000000086300000|  0%| F|  |TAMS 0x0000000086200000, 0x0000000086200000| Untracked 
|  69|0x0000000086300000, 0x0000000086300000, 0x0000000086400000|  0%| F|  |TAMS 0x0000000086300000, 0x0000000086300000| Untracked 
|  70|0x0000000086400000, 0x0000000086400000, 0x0000000086500000|  0%| F|  |TAMS 0x0000000086400000, 0x0000000086400000| Untracked 
|  71|0x0000000086500000, 0x0000000086500000, 0x0000000086600000|  0%| F|  |TAMS 0x0000000086500000, 0x0000000086500000| Untracked 
|  72|0x0000000086600000, 0x0000000086600000, 0x0000000086700000|  0%| F|  |TAMS 0x0000000086600000, 0x0000000086600000| Untracked 
|  73|0x0000000086700000, 0x0000000086700000, 0x0000000086800000|  0%| F|  |TAMS 0x0000000086700000, 0x0000000086700000| Untracked 
|  74|0x0000000086800000, 0x0000000086800000, 0x0000000086900000|  0%| F|  |TAMS 0x0000000086800000, 0x0000000086800000| Untracked 
|  75|0x0000000086900000, 0x0000000086900000, 0x0000000086a00000|  0%| F|  |TAMS 0x0000000086900000, 0x0000000086900000| Untracked 
|  76|0x0000000086a00000, 0x0000000086a00000, 0x0000000086b00000|  0%| F|  |TAMS 0x0000000086a00000, 0x0000000086a00000| Untracked 
|  77|0x0000000086b00000, 0x0000000086b00000, 0x0000000086c00000|  0%| F|  |TAMS 0x0000000086b00000, 0x0000000086b00000| Untracked 
|  78|0x0000000086c00000, 0x0000000086c00000, 0x0000000086d00000|  0%| F|  |TAMS 0x0000000086c00000, 0x0000000086c00000| Untracked 
|  79|0x0000000086d00000, 0x0000000086d00000, 0x0000000086e00000|  0%| F|  |TAMS 0x0000000086d00000, 0x0000000086d00000| Untracked 
|  80|0x0000000086e00000, 0x0000000086e00000, 0x0000000086f00000|  0%| F|  |TAMS 0x0000000086e00000, 0x0000000086e00000| Untracked 
|  81|0x0000000086f00000, 0x0000000086f00000, 0x0000000087000000|  0%| F|  |TAMS 0x0000000086f00000, 0x0000000086f00000| Untracked 
|  82|0x0000000087000000, 0x0000000087000000, 0x0000000087100000|  0%| F|  |TAMS 0x0000000087000000, 0x0000000087000000| Untracked 
|  83|0x0000000087100000, 0x0000000087100000, 0x0000000087200000|  0%| F|  |TAMS 0x0000000087100000, 0x0000000087100000| Untracked 
|  84|0x0000000087200000, 0x0000000087200000, 0x0000000087300000|  0%| F|  |TAMS 0x0000000087200000, 0x0000000087200000| Untracked 
|  85|0x0000000087300000, 0x0000000087300000, 0x0000000087400000|  0%| F|  |TAMS 0x0000000087300000, 0x0000000087300000| Untracked 
|  86|0x0000000087400000, 0x0000000087400000, 0x0000000087500000|  0%| F|  |TAMS 0x0000000087400000, 0x0000000087400000| Untracked 
|  87|0x0000000087500000, 0x0000000087500000, 0x0000000087600000|  0%| F|  |TAMS 0x0000000087500000, 0x0000000087500000| Untracked 
|  88|0x0000000087600000, 0x0000000087600000, 0x0000000087700000|  0%| F|  |TAMS 0x0000000087600000, 0x0000000087600000| Untracked 
|  89|0x0000000087700000, 0x0000000087700000, 0x0000000087800000|  0%| F|  |TAMS 0x0000000087700000, 0x0000000087700000| Untracked 
|  90|0x0000000087800000, 0x0000000087800000, 0x0000000087900000|  0%| F|  |TAMS 0x0000000087800000, 0x0000000087800000| Untracked 
|  91|0x0000000087900000, 0x0000000087900000, 0x0000000087a00000|  0%| F|  |TAMS 0x0000000087900000, 0x0000000087900000| Untracked 
|  92|0x0000000087a00000, 0x0000000087a00000, 0x0000000087b00000|  0%| F|  |TAMS 0x0000000087a00000, 0x0000000087a00000| Untracked 
|  93|0x0000000087b00000, 0x0000000087b00000, 0x0000000087c00000|  0%| F|  |TAMS 0x0000000087b00000, 0x0000000087b00000| Untracked 
|  94|0x0000000087c00000, 0x0000000087c00000, 0x0000000087d00000|  0%| F|  |TAMS 0x0000000087c00000, 0x0000000087c00000| Untracked 
|  95|0x0000000087d00000, 0x0000000087d43fe0, 0x0000000087e00000| 26%| E|  |TAMS 0x0000000087d00000, 0x0000000087d00000| Complete 
|  96|0x0000000087e00000, 0x0000000087f00000, 0x0000000087f00000|100%| E|CS|TAMS 0x0000000087e00000, 0x0000000087e00000| Complete 
|  97|0x0000000087f00000, 0x0000000088000000, 0x0000000088000000|100%| E|CS|TAMS 0x0000000087f00000, 0x0000000087f00000| Complete 
|  98|0x0000000088000000, 0x0000000088100000, 0x0000000088100000|100%| E|CS|TAMS 0x0000000088000000, 0x0000000088000000| Complete 
|  99|0x0000000088100000, 0x0000000088200000, 0x0000000088200000|100%| E|CS|TAMS 0x0000000088100000, 0x0000000088100000| Complete 
| 100|0x0000000088200000, 0x0000000088300000, 0x0000000088300000|100%| E|CS|TAMS 0x0000000088200000, 0x0000000088200000| Complete 
| 101|0x0000000088300000, 0x0000000088400000, 0x0000000088400000|100%| E|CS|TAMS 0x0000000088300000, 0x0000000088300000| Complete 
| 148|0x000000008b200000, 0x000000008b249e10, 0x000000008b300000| 28%| S|CS|TAMS 0x000000008b200000, 0x000000008b200000| Complete 
| 149|0x000000008b300000, 0x000000008b400000, 0x000000008b400000|100%| E|CS|TAMS 0x000000008b300000, 0x000000008b300000| Complete 

Card table byte_map: [0x000001dcb0040000,0x000001dcb0440000] _byte_map_base: 0x000001dcafc31000

Marking Bits (Prev, Next): (CMBitMap*) 0x000001dc985d5100, (CMBitMap*) 0x000001dc985d5140
 Prev Bits: [0x000001dcb0840000, 0x000001dcb27c8000)
 Next Bits: [0x000001dcb27d0000, 0x000001dcb4758000)

Polling page: 0x000001dc96d30000

Metaspace:

Usage:
  Non-class:     28.62 MB used.
      Class:      4.12 MB used.
       Both:     32.74 MB used.

Virtual space:
  Non-class space:       64.00 MB reserved,      28.81 MB ( 45%) committed,  1 nodes.
      Class space:        1.00 GB reserved,       4.31 MB ( <1%) committed,  1 nodes.
             Both:        1.06 GB reserved,      33.12 MB (  3%) committed. 

Chunk freelists:
   Non-Class:  2.83 MB
       Class:  11.54 MB
        Both:  14.36 MB

MaxMetaspaceSize: unlimited
CompressedClassSpaceSize: 1.00 GB
Initial GC threshold: 21.00 MB
Current GC threshold: 54.81 MB
CDS: on
MetaspaceReclaimPolicy: balanced
 - commit_granule_bytes: 65536.
 - commit_granule_words: 8192.
 - virtual_space_node_default_size: 8388608.
 - enlarge_chunks_in_place: 1.
 - new_chunks_are_fully_committed: 0.
 - uncommit_free_chunks: 1.
 - use_allocation_guard: 0.
 - handle_deallocations: 1.


Internal statistics:

num_allocs_failed_limit: 3.
num_arena_births: 548.
num_arena_deaths: 2.
num_vsnodes_births: 2.
num_vsnodes_deaths: 0.
num_space_committed: 530.
num_space_uncommitted: 0.
num_chunks_returned_to_freelist: 5.
num_chunks_taken_from_freelist: 1577.
num_chunk_merges: 0.
num_chunk_splits: 1009.
num_chunks_enlarged: 673.
num_inconsistent_stats: 0.

CodeHeap 'non-profiled nmethods': size=120000Kb used=5837Kb max_used=5837Kb free=114162Kb
 bounds [0x000001dca7ca0000, 0x000001dca8260000, 0x000001dcaf1d0000]
CodeHeap 'profiled nmethods': size=120000Kb used=15412Kb max_used=15412Kb free=104588Kb
 bounds [0x000001dca01d0000, 0x000001dca10e0000, 0x000001dca7700000]
CodeHeap 'non-nmethods': size=5760Kb used=1562Kb max_used=1655Kb free=4197Kb
 bounds [0x000001dca7700000, 0x000001dca7970000, 0x000001dca7ca0000]
 total_blobs=8438 nmethods=7483 adapters=866
 compilation: enabled
              stopped_count=0, restarted_count=0
 full_count=0

Compilation events (20 events):
Event: 1221.460 Thread 0x000001dcb6e9a0c0 nmethod 8877 0x000001dca8247110 code [0x000001dca82472e0, 0x000001dca8247b70]
Event: 1329.413 Thread 0x000001dcb6e9a0c0 8878       4       sun.rmi.server.MarshalOutputStream::annotateClass (9 bytes)
Event: 1329.519 Thread 0x000001dcb6e9a0c0 nmethod 8878 0x000001dca8248010 code [0x000001dca82481e0, 0x000001dca8248808]
Event: 1331.502 Thread 0x000001dcb6e9a0c0 8879       4       java.util.TreeMap$KeySet::iterator (32 bytes)
Event: 1331.518 Thread 0x000001dcb6e9a0c0 nmethod 8879 0x000001dca8248c90 code [0x000001dca8248e20, 0x000001dca8249258]
Event: 1355.512 Thread 0x000001dcb6e9a0c0 8880       4       java.util.TreeMap$KeySet::size (10 bytes)
Event: 1355.516 Thread 0x000001dcb6e9a0c0 nmethod 8880 0x000001dca8249410 code [0x000001dca82495a0, 0x000001dca8249658]
Event: 1399.356 Thread 0x000001dcb6e9a0c0 8881       4       java.lang.Thread::getContextClassLoader (32 bytes)
Event: 1399.358 Thread 0x000001dcb6e9a0c0 nmethod 8881 0x000001dca8249710 code [0x000001dca82498a0, 0x000001dca8249958]
Event: 1436.919 Thread 0x000001dcb6e9a0c0 8882       4       java.lang.Long::hashCode (8 bytes)
Event: 1436.925 Thread 0x000001dcb6e9a0c0 nmethod 8882 0x000001dca8249a10 code [0x000001dca8249b80, 0x000001dca8249c18]
Event: 1443.509 Thread 0x000001dcb6e9a0c0 8883       4       java.io.ObjectInputStream$BlockDataInputStream::readUTFBody (192 bytes)
Event: 1443.610 Thread 0x000001dcb6e9a0c0 nmethod 8883 0x000001dca8249d10 code [0x000001dca8249f20, 0x000001dca824ab50]
Event: 1457.038 Thread 0x000001dcb6e9a0c0 8884       4       java.util.AbstractCollection::containsAll (38 bytes)
Event: 1457.137 Thread 0x000001dcb6e9a0c0 nmethod 8884 0x000001dca824b290 code [0x000001dca824b4a0, 0x000001dca824c448]
Event: 1477.798 Thread 0x000001dcb6e9a0c0 8885       4       java.lang.Long::equals (30 bytes)
Event: 1477.798 Thread 0x000001dcb6e9a0c0 nmethod 8885 0x000001dca824cb90 code [0x000001dca824cd20, 0x000001dca824cdf8]
Event: 1520.167 Thread 0x000001dcb6e9a0c0 8886   !   4       java.io.ObjectInputStream::readSerialData (549 bytes)
Event: 1520.486 Thread 0x000001dcb6e9a0c0 nmethod 8886 0x000001dca824cf10 code [0x000001dca824d2c0, 0x000001dca8251158]
Event: 1527.726 Thread 0x000001dcb6e9a0c0 8887   !   4       com.sun.glass.ui.InvokeLaterDispatcher$Future::run (91 bytes)

GC Heap History (20 events):
Event: 310.722 GC heap before
{Heap before GC invocations=27 (full 0):
 garbage-first heap   total 56320K, used 40486K [0x0000000081e00000, 0x0000000100000000)
  region size 1024K, 16 young (16384K), 1 survivors (1024K)
 Metaspace       used 33057K, committed 33408K, reserved 1114112K
  class space    used 4193K, committed 4352K, reserved 1048576K
}
Event: 310.726 GC heap after
{Heap after GC invocations=28 (full 0):
 garbage-first heap   total 56320K, used 29148K [0x0000000081e00000, 0x0000000100000000)
  region size 1024K, 2 young (2048K), 2 survivors (2048K)
 Metaspace       used 33057K, committed 33408K, reserved 1114112K
  class space    used 4193K, committed 4352K, reserved 1048576K
}
Event: 316.373 GC heap before
{Heap before GC invocations=29 (full 0):
 garbage-first heap   total 56320K, used 41436K [0x0000000081e00000, 0x0000000100000000)
  region size 1024K, 14 young (14336K), 2 survivors (2048K)
 Metaspace       used 33208K, committed 33664K, reserved 1114112K
  class space    used 4209K, committed 4416K, reserved 1048576K
}
Event: 316.377 GC heap after
{Heap after GC invocations=30 (full 0):
 garbage-first heap   total 56320K, used 30916K [0x0000000081e00000, 0x0000000100000000)
  region size 1024K, 2 young (2048K), 2 survivors (2048K)
 Metaspace       used 33208K, committed 33664K, reserved 1114112K
  class space    used 4209K, committed 4416K, reserved 1048576K
}
Event: 316.384 GC heap before
{Heap before GC invocations=30 (full 0):
 garbage-first heap   total 56320K, used 31940K [0x0000000081e00000, 0x0000000100000000)
  region size 1024K, 3 young (3072K), 2 survivors (2048K)
 Metaspace       used 33212K, committed 33664K, reserved 1114112K
  class space    used 4209K, committed 4416K, reserved 1048576K
}
Event: 316.388 GC heap after
{Heap after GC invocations=31 (full 0):
 garbage-first heap   total 56320K, used 29724K [0x0000000081e00000, 0x0000000100000000)
  region size 1024K, 1 young (1024K), 1 survivors (1024K)
 Metaspace       used 33212K, committed 33664K, reserved 1114112K
  class space    used 4209K, committed 4416K, reserved 1048576K
}
Event: 319.833 GC heap before
{Heap before GC invocations=31 (full 0):
 garbage-first heap   total 56320K, used 40988K [0x0000000081e00000, 0x0000000100000000)
  region size 1024K, 12 young (12288K), 1 survivors (1024K)
 Metaspace       used 33268K, committed 33664K, reserved 1114112K
  class space    used 4212K, committed 4416K, reserved 1048576K
}
Event: 319.837 GC heap after
{Heap after GC invocations=32 (full 0):
 garbage-first heap   total 56320K, used 32749K [0x0000000081e00000, 0x0000000100000000)
  region size 1024K, 2 young (2048K), 2 survivors (2048K)
 Metaspace       used 33268K, committed 33664K, reserved 1114112K
  class space    used 4212K, committed 4416K, reserved 1048576K
}
Event: 319.933 GC heap before
{Heap before GC invocations=33 (full 0):
 garbage-first heap   total 56320K, used 40941K [0x0000000081e00000, 0x0000000100000000)
  region size 1024K, 11 young (11264K), 2 survivors (2048K)
 Metaspace       used 33326K, committed 33728K, reserved 1114112K
  class space    used 4212K, committed 4416K, reserved 1048576K
}
Event: 319.937 GC heap after
{Heap after GC invocations=34 (full 0):
 garbage-first heap   total 56320K, used 34793K [0x0000000081e00000, 0x0000000100000000)
  region size 1024K, 2 young (2048K), 2 survivors (2048K)
 Metaspace       used 33326K, committed 33728K, reserved 1114112K
  class space    used 4212K, committed 4416K, reserved 1048576K
}
Event: 319.944 GC heap before
{Heap before GC invocations=34 (full 0):
 garbage-first heap   total 56320K, used 35817K [0x0000000081e00000, 0x0000000100000000)
  region size 1024K, 3 young (3072K), 2 survivors (2048K)
 Metaspace       used 33327K, committed 33728K, reserved 1114112K
  class space    used 4212K, committed 4416K, reserved 1048576K
}
Event: 319.947 GC heap after
{Heap after GC invocations=35 (full 0):
 garbage-first heap   total 56320K, used 30151K [0x0000000081e00000, 0x0000000100000000)
  region size 1024K, 1 young (1024K), 1 survivors (1024K)
 Metaspace       used 33327K, committed 33728K, reserved 1114112K
  class space    used 4212K, committed 4416K, reserved 1048576K
}
Event: 319.970 GC heap before
{Heap before GC invocations=35 (full 0):
 garbage-first heap   total 56320K, used 31175K [0x0000000081e00000, 0x0000000100000000)
  region size 1024K, 2 young (2048K), 1 survivors (1024K)
 Metaspace       used 33332K, committed 33728K, reserved 1114112K
  class space    used 4212K, committed 4416K, reserved 1048576K
}
Event: 319.974 GC heap after
{Heap after GC invocations=36 (full 0):
 garbage-first heap   total 56320K, used 29172K [0x0000000081e00000, 0x0000000100000000)
  region size 1024K, 1 young (1024K), 1 survivors (1024K)
 Metaspace       used 33332K, committed 33728K, reserved 1114112K
  class space    used 4212K, committed 4416K, reserved 1048576K
}
Event: 325.460 GC heap before
{Heap before GC invocations=36 (full 0):
 garbage-first heap   total 56320K, used 40436K [0x0000000081e00000, 0x0000000100000000)
  region size 1024K, 12 young (12288K), 1 survivors (1024K)
 Metaspace       used 33352K, committed 33728K, reserved 1114112K
  class space    used 4212K, committed 4416K, reserved 1048576K
}
Event: 325.462 GC heap after
{Heap after GC invocations=37 (full 0):
 garbage-first heap   total 153600K, used 29319K [0x0000000081e00000, 0x0000000100000000)
  region size 1024K, 1 young (1024K), 1 survivors (1024K)
 Metaspace       used 33352K, committed 33728K, reserved 1114112K
  class space    used 4212K, committed 4416K, reserved 1048576K
}
Event: 1204.814 GC heap before
{Heap before GC invocations=38 (full 0):
 garbage-first heap   total 106496K, used 88711K [0x0000000081e00000, 0x0000000100000000)
  region size 1024K, 60 young (61440K), 1 survivors (1024K)
 Metaspace       used 33525K, committed 33920K, reserved 1114112K
  class space    used 4214K, committed 4416K, reserved 1048576K
}
Event: 1204.939 GC heap after
{Heap after GC invocations=39 (full 0):
 garbage-first heap   total 106496K, used 34502K [0x0000000081e00000, 0x0000000100000000)
  region size 1024K, 7 young (7168K), 7 survivors (7168K)
 Metaspace       used 33525K, committed 33920K, reserved 1114112K
  class space    used 4214K, committed 4416K, reserved 1048576K
}
Event: 1244.209 GC heap before
{Heap before GC invocations=39 (full 0):
 garbage-first heap   total 106496K, used 35526K [0x0000000081e00000, 0x0000000100000000)
  region size 1024K, 8 young (8192K), 7 survivors (7168K)
 Metaspace       used 33525K, committed 33920K, reserved 1114112K
  class space    used 4214K, committed 4416K, reserved 1048576K
}
Event: 1244.260 GC heap after
{Heap after GC invocations=40 (full 0):
 garbage-first heap   total 106496K, used 30872K [0x0000000081e00000, 0x0000000100000000)
  region size 1024K, 1 young (1024K), 1 survivors (1024K)
 Metaspace       used 33525K, committed 33920K, reserved 1114112K
  class space    used 4214K, committed 4416K, reserved 1048576K
}

Dll operation events (20 events):
Event: 0.614 Loaded shared library D:\Program Files\javafx-sdk-17.0.17\bin\api-ms-win-crt-private-l1-1-0.dll
Event: 0.621 Loaded shared library D:\Program Files\javafx-sdk-17.0.17\bin\api-ms-win-crt-process-l1-1-0.dll
Event: 0.625 Loaded shared library D:\Program Files\javafx-sdk-17.0.17\bin\api-ms-win-crt-runtime-l1-1-0.dll
Event: 0.630 Loaded shared library D:\Program Files\javafx-sdk-17.0.17\bin\api-ms-win-crt-stdio-l1-1-0.dll
Event: 0.634 Loaded shared library D:\Program Files\javafx-sdk-17.0.17\bin\api-ms-win-crt-string-l1-1-0.dll
Event: 0.639 Loaded shared library D:\Program Files\javafx-sdk-17.0.17\bin\api-ms-win-crt-time-l1-1-0.dll
Event: 0.644 Loaded shared library D:\Program Files\javafx-sdk-17.0.17\bin\api-ms-win-crt-utility-l1-1-0.dll
Event: 0.669 Loaded shared library D:\Program Files\javafx-sdk-17.0.17\bin\ucrtbase.dll
Event: 0.686 Loaded shared library D:\Program Files\javafx-sdk-17.0.17\bin\vcruntime140.dll
Event: 0.693 Loaded shared library D:\Program Files\javafx-sdk-17.0.17\bin\vcruntime140_1.dll
Event: 0.704 Loaded shared library D:\Program Files\javafx-sdk-17.0.17\bin\msvcp140.dll
Event: 0.712 Loaded shared library D:\Program Files\javafx-sdk-17.0.17\bin\msvcp140_1.dll
Event: 0.726 Loaded shared library D:\Program Files\javafx-sdk-17.0.17\bin\msvcp140_2.dll
Event: 0.868 Loaded shared library D:\Program Files\javafx-sdk-17.0.17\bin\prism_d3d.dll
Event: 1.049 Loaded shared library D:\Program Files\javafx-sdk-17.0.17\bin\glass.dll
Event: 1.069 Loaded shared library C:\Program Files\Eclipse Adoptium\jdk-17.0.17.10-hotspot\bin\jimage.dll
Event: 1.172 Loaded shared library C:\Program Files\Eclipse Adoptium\jdk-17.0.17.10-hotspot\bin\management.dll
Event: 1.225 Loaded shared library C:\Program Files\Eclipse Adoptium\jdk-17.0.17.10-hotspot\bin\management_ext.dll
Event: 2.013 Loaded shared library C:\Program Files\Eclipse Adoptium\jdk-17.0.17.10-hotspot\bin\sunmscapi.dll
Event: 2.941 Loaded shared library D:\Program Files\javafx-sdk-17.0.17\bin\javafx_font.dll

Deoptimization events (20 events):
Event: 666.236 Thread 0x000001dcb73f1b00 Uncommon trap: trap_request=0xffffff45 fr.pc=0x000001dca81d91b0 relative=0x0000000000000090
Event: 666.237 Thread 0x000001dcb73f1b00 Uncommon trap: reason=unstable_if action=reinterpret pc=0x000001dca81d91b0 method=javafx.scene.layout.Region$StyleableProperties$6.isSettable(Ljavafx/scene/layout/Region;)Z @ 4 c2
Event: 666.237 Thread 0x000001dcb73f1b00 DEOPT PACKING pc=0x000001dca81d91b0 sp=0x0000002c989fb820
Event: 666.237 Thread 0x000001dcb73f1b00 DEOPT UNPACKING pc=0x000001dca77569a3 sp=0x0000002c989fb748 mode 2
Event: 666.901 Thread 0x000001dcb73f1b00 Uncommon trap: trap_request=0xfffffff4 fr.pc=0x000001dca7f81648 relative=0x0000000000000208
Event: 666.901 Thread 0x000001dcb73f1b00 Uncommon trap: reason=null_check action=make_not_entrant pc=0x000001dca7f81648 method=com.sun.util.reentrant.ReentrantContextProviderTL.acquire()Lcom/sun/util/reentrant/ReentrantContext; @ 9 c2
Event: 666.901 Thread 0x000001dcb73f1b00 DEOPT PACKING pc=0x000001dca7f81648 sp=0x0000002c989fab40
Event: 666.901 Thread 0x000001dcb73f1b00 DEOPT UNPACKING pc=0x000001dca77569a3 sp=0x0000002c989faaf8 mode 2
Event: 666.902 Thread 0x000001dcb73f1b00 Uncommon trap: trap_request=0xffffffbe fr.pc=0x000001dca7fd4e20 relative=0x0000000000002720
Event: 666.902 Thread 0x000001dcb73f1b00 Uncommon trap: reason=profile_predicate action=maybe_recompile pc=0x000001dca7fd4e20 method=com.sun.prism.impl.shape.DMarlinPrismUtils.feedConsumer(Lcom/sun/marlin/RendererContext;Lcom/sun/javafx/geom/Path2D;Lcom/sun/javafx/geom/transform/BaseTransform;Lc
Event: 666.902 Thread 0x000001dcb73f1b00 DEOPT PACKING pc=0x000001dca7fd4e20 sp=0x0000002c989faa20
Event: 666.902 Thread 0x000001dcb73f1b00 DEOPT UNPACKING pc=0x000001dca77569a3 sp=0x0000002c989faa70 mode 2
Event: 705.145 Thread 0x000001dcb73f1b00 Uncommon trap: trap_request=0xffffff45 fr.pc=0x000001dca812ad88 relative=0x0000000000001a28
Event: 705.145 Thread 0x000001dcb73f1b00 Uncommon trap: reason=unstable_if action=reinterpret pc=0x000001dca812ad88 method=com.sun.javafx.geom.RoundRectangle2D.contains(FF)Z @ 54 c2
Event: 705.145 Thread 0x000001dcb73f1b00 DEOPT PACKING pc=0x000001dca812ad88 sp=0x0000002c989fb260
Event: 705.145 Thread 0x000001dcb73f1b00 DEOPT UNPACKING pc=0x000001dca77569a3 sp=0x0000002c989fae20 mode 2
Event: 707.259 Thread 0x000001dcb73f1b00 Uncommon trap: trap_request=0xffffff45 fr.pc=0x000001dca7fe31f8 relative=0x0000000000003218
Event: 707.259 Thread 0x000001dcb73f1b00 Uncommon trap: reason=unstable_if action=reinterpret pc=0x000001dca7fe31f8 method=javafx.scene.Scene$MouseHandler.handleEnterExit(Ljavafx/scene/input/MouseEvent;Ljavafx/scene/Scene$TargetWrapper;)V @ 18 c2
Event: 707.259 Thread 0x000001dcb73f1b00 DEOPT PACKING pc=0x000001dca7fe31f8 sp=0x0000002c989fb7d0
Event: 707.259 Thread 0x000001dcb73f1b00 DEOPT UNPACKING pc=0x000001dca77569a3 sp=0x0000002c989fb7b0 mode 2

Classes loaded (20 events):
Event: 101.357 Loading class java/util/regex/Pattern$LazyLoop
Event: 101.357 Loading class java/util/regex/Pattern$LazyLoop done
Event: 101.359 Loading class java/util/LinkedList$LLSpliterator
Event: 101.359 Loading class java/util/LinkedList$LLSpliterator done
Event: 101.359 Loading class java/util/stream/ReferencePipeline$4
Event: 101.359 Loading class java/util/stream/ReferencePipeline$4 done
Event: 101.360 Loading class java/util/stream/Nodes$IntFixedNodeBuilder
Event: 101.360 Loading class java/util/stream/Node$Builder$OfInt
Event: 101.360 Loading class java/util/stream/Node$Builder$OfInt done
Event: 101.360 Loading class java/util/stream/Nodes$IntArrayNode
Event: 101.360 Loading class java/util/stream/Nodes$IntArrayNode done
Event: 101.360 Loading class java/util/stream/Nodes$IntFixedNodeBuilder done
Event: 101.360 Loading class java/util/stream/ReferencePipeline$4$1
Event: 101.360 Loading class java/util/stream/ReferencePipeline$4$1 done
Event: 101.414 Loading class java/util/concurrent/atomic/AtomicReferenceFieldUpdater
Event: 101.414 Loading class java/util/concurrent/atomic/AtomicReferenceFieldUpdater done
Event: 101.414 Loading class java/util/concurrent/atomic/AtomicReferenceFieldUpdater$AtomicReferenceFieldUpdaterImpl
Event: 101.414 Loading class java/util/concurrent/atomic/AtomicReferenceFieldUpdater$AtomicReferenceFieldUpdaterImpl done
Event: 101.414 Loading class java/util/concurrent/atomic/AtomicReferenceFieldUpdater$AtomicReferenceFieldUpdaterImpl$1
Event: 101.414 Loading class java/util/concurrent/atomic/AtomicReferenceFieldUpdater$AtomicReferenceFieldUpdaterImpl$1 done

Classes unloaded (1 events):
Event: 3.682 Thread 0x000001dcb6e7a270 Unloading class 0x000001dcb9004400 'java/lang/invoke/LambdaForm$DMH+0x000001dcb9004400'

Classes redefined (0 events):
No events

Internal exceptions (20 events):
Event: 32.943 Thread 0x000001dcb73f15f0 Implicit null exception at 0x000001dca7efd74e to 0x000001dca7efd894
Event: 34.976 Thread 0x000001dcb73f1b00 Exception <a 'java/io/FileNotFoundException'{0x0000000083f3d950}> (0x0000000083f3d950) 
thrown [s\src\hotspot\share\prims\jni.cpp, line 516]
Event: 49.870 Thread 0x000001dcb73f1b00 Exception <a 'java/io/FileNotFoundException'{0x00000000890846b8}> (0x00000000890846b8) 
thrown [s\src\hotspot\share\prims\jni.cpp, line 516]
Event: 78.371 Thread 0x000001dcb73f1b00 Exception <a 'java/lang/ClassNotFoundException'{0x0000000088e594e0}: com/sun/javafx/scene/control/skin/resources/controls-nt> (0x0000000088e594e0) 
thrown [s\src\hotspot\share\prims\jni.cpp, line 535]
Event: 78.372 Thread 0x000001dcb73f1b00 Exception <a 'java/lang/ClassNotFoundException'{0x0000000088e62020}: com/sun/javafx/scene/control/skin/resources/controls-nt_en> (0x0000000088e62020) 
thrown [s\src\hotspot\share\prims\jni.cpp, line 535]
Event: 78.372 Thread 0x000001dcb73f1b00 Exception <a 'java/lang/ClassNotFoundException'{0x0000000088e63be0}: com/sun/javafx/scene/control/skin/resources/controls-nt_en_US> (0x0000000088e63be0) 
thrown [s\src\hotspot\share\prims\jni.cpp, line 535]
Event: 78.372 Thread 0x000001dcb73f1b00 Exception <a 'java/lang/NoSuchMethodError'{0x0000000088e70080}: 'java.lang.Object java.lang.invoke.DirectMethodHandle$Holder.newInvokeSpecial(java.lang.Object, java.lang.Object, java.lang.Object, java.lang.Object, java.lang.Object, java.lang.Object, java.lang.Object, java.lang.Object, java.lang.Object)'> (0x0000000088e70080) 
thrown [s\src\hotspot\share\interpreter\linkResolver.cpp, line 759]
Event: 78.373 Thread 0x000001dcb73f1b00 Exception <a 'java/lang/NoSuchMethodError'{0x0000000088e75940}: 'java.lang.Object java.lang.invoke.DirectMethodHandle$Holder.invokeSpecial(java.lang.Object, java.lang.Object, java.lang.Object, java.lang.Object, java.lang.Object, java.lang.Object, java.lang.Object, java.lang.Object, java.lang.Object, java.lang.Object)'> (0x0000000088e75940) 
thrown [s\src\hotspot\share\interpreter\linkResolver.cpp, line 759]
Event: 78.373 Thread 0x000001dcb73f1b00 Exception <a 'java/lang/NoSuchMethodError'{0x0000000088e7a400}: 'java.lang.Object java.lang.invoke.Invokers$Holder.linkToTargetMethod(java.lang.Object, java.lang.Object, java.lang.Object, java.lang.Object, java.lang.Object, java.lang.Object, java.lang.Object, java.lang.Object, java.lang.Object)'> (0x0000000088e7a400) 
thrown [s\src\hotspot\share\interpreter\linkResolver.cpp, line 759]
Event: 101.416 Thread 0x000001dcb73f1b00 Exception <a 'java/lang/NoSuchMethodError'{0x00000000891885a0}: 'java.lang.Object java.lang.invoke.DirectMethodHandle$Holder.invokeSpecial(java.lang.Object, java.lang.Object, java.lang.Object, java.lang.Object, int)'> (0x00000000891885a0) 
thrown [s\src\hotspot\share\interpreter\linkResolver.cpp, line 759]
Event: 101.417 Thread 0x000001dcb73f1b00 Exception <a 'java/lang/NoSuchMethodError'{0x000000008918c6b8}: 'java.lang.Object java.lang.invoke.Invokers$Holder.linkToTargetMethod(java.lang.Object, java.lang.Object, int, java.lang.Object)'> (0x000000008918c6b8) 
thrown [s\src\hotspot\share\interpreter\linkResolver.cpp, line 759]
Event: 172.324 Thread 0x000001dcb73f1b00 Exception <a 'java/lang/NoSuchMethodError'{0x0000000089dd1c50}: 'java.lang.Object java.lang.invoke.DirectMethodHandle$Holder.newInvokeSpecial(java.lang.Object, java.lang.Object, java.lang.Object, java.lang.Object, java.lang.Object, java.lang.Object, java.lang.Object, java.lang.Object)'> (0x0000000089dd1c50) 
thrown [s\src\hotspot\share\interpreter\linkResolver.cpp, line 759]
Event: 172.324 Thread 0x000001dcb73f1b00 Exception <a 'java/lang/NoSuchMethodError'{0x0000000089dd6e60}: 'java.lang.Object java.lang.invoke.DirectMethodHandle$Holder.invokeSpecial(java.lang.Object, java.lang.Object, java.lang.Object, java.lang.Object, java.lang.Object, java.lang.Object, java.lang.Object, java.lang.Object, java.lang.Object)'> (0x0000000089dd6e60) 
thrown [s\src\hotspot\share\interpreter\linkResolver.cpp, line 759]
Event: 172.324 Thread 0x000001dcb73f1b00 Exception <a 'java/lang/NoSuchMethodError'{0x0000000089ddba18}: 'java.lang.Object java.lang.invoke.Invokers$Holder.linkToTargetMethod(java.lang.Object, java.lang.Object, java.lang.Object, java.lang.Object, java.lang.Object, java.lang.Object, java.lang.Object, java.lang.Object)'> (0x0000000089ddba18) 
thrown [s\src\hotspot\share\interpreter\linkResolver.cpp, line 759]
Event: 310.653 Thread 0x000001dcb73f1b00 Exception <a 'java/io/FileNotFoundException'{0x0000000088efef68}> (0x0000000088efef68) 
thrown [s\src\hotspot\share\prims\jni.cpp, line 516]
Event: 314.321 Thread 0x000001dcb73f1b00 Exception <a 'java/lang/NoSuchMethodError'{0x000000008928e778}: 'java.lang.Object java.lang.invoke.DirectMethodHandle$Holder.newInvokeSpecial(java.lang.Object, java.lang.Object, java.lang.Object, double, double, double, double, int, int, int, int, int, int, int, int, int)'> (0x000000008928e778) 
thrown [s\src\hotspot\share\interpreter\linkResolver.cpp, line 759]
Event: 316.351 Thread 0x000001dcb73f1b00 Exception <a 'java/io/FileNotFoundException'{0x0000000084ccee20}> (0x0000000084ccee20) 
thrown [s\src\hotspot\share\prims\jni.cpp, line 516]
Event: 319.887 Thread 0x000001dcb73f1b00 Exception <a 'java/io/FileNotFoundException'{0x0000000089369518}> (0x0000000089369518) 
thrown [s\src\hotspot\share\prims\jni.cpp, line 516]
Event: 662.352 Thread 0x000001dcb73f1b00 Exception <a 'java/io/FileNotFoundException'{0x00000000866117b8}> (0x00000000866117b8) 
thrown [s\src\hotspot\share\prims\jni.cpp, line 516]
Event: 666.901 Thread 0x000001dcb73f1b00 Implicit null exception at 0x000001dca7f81500 to 0x000001dca7f81638

VM Operations (20 events):
Event: 979.292 Executing VM operation: Cleanup
Event: 979.292 Executing VM operation: Cleanup done
Event: 994.471 Executing VM operation: Cleanup
Event: 994.471 Executing VM operation: Cleanup done
Event: 996.472 Executing VM operation: Cleanup
Event: 996.472 Executing VM operation: Cleanup done
Event: 1022.314 Executing VM operation: HandshakeAllThreads
Event: 1022.314 Executing VM operation: HandshakeAllThreads done
Event: 1204.802 Executing VM operation: G1CollectForAllocation
Event: 1204.940 Executing VM operation: G1CollectForAllocation done
Event: 1244.209 Executing VM operation: G1CollectForAllocation
Event: 1244.260 Executing VM operation: G1CollectForAllocation done
Event: 1357.171 Executing VM operation: Cleanup
Event: 1357.175 Executing VM operation: Cleanup done
Event: 1458.145 Executing VM operation: Cleanup
Event: 1458.146 Executing VM operation: Cleanup done
Event: 1502.503 Executing VM operation: Cleanup
Event: 1502.503 Executing VM operation: Cleanup done
Event: 1527.706 Executing VM operation: Cleanup
Event: 1527.707 Executing VM operation: Cleanup done

Memory protections (0 events):
No events

Nmethod flushes (20 events):
Event: 310.653 Thread 0x000001dcb6ea9a00 flushing  nmethod 0x000001dca0e6c190
Event: 310.653 Thread 0x000001dcb6ea9a00 flushing  nmethod 0x000001dca0e6d210
Event: 310.653 Thread 0x000001dcb6ea9a00 flushing  nmethod 0x000001dca0e8cf90
Event: 310.653 Thread 0x000001dcb6ea9a00 flushing  nmethod 0x000001dca0e92010
Event: 310.653 Thread 0x000001dcb6ea9a00 flushing  nmethod 0x000001dca0e99f10
Event: 310.653 Thread 0x000001dcb6ea9a00 flushing  nmethod 0x000001dca0ec5e10
Event: 310.653 Thread 0x000001dcb6ea9a00 flushing  nmethod 0x000001dca0eca590
Event: 310.653 Thread 0x000001dcb6ea9a00 flushing  nmethod 0x000001dca0ecb490
Event: 310.653 Thread 0x000001dcb6ea9a00 flushing  nmethod 0x000001dca0ecf110
Event: 310.653 Thread 0x000001dcb6ea9a00 flushing  nmethod 0x000001dca0ecf810
Event: 310.653 Thread 0x000001dcb6ea9a00 flushing  nmethod 0x000001dca0ecfe90
Event: 310.653 Thread 0x000001dcb6ea9a00 flushing  nmethod 0x000001dca0f79b10
Event: 662.535 Thread 0x000001dcb6ea9a00 flushing  nmethod 0x000001dca8047390
Event: 662.535 Thread 0x000001dcb6ea9a00 flushing  nmethod 0x000001dca80eee10
Event: 662.545 Thread 0x000001dcb6ea9a00 flushing  nmethod 0x000001dca0594a90
Event: 662.552 Thread 0x000001dcb6ea9a00 flushing  nmethod 0x000001dca0b4d310
Event: 662.552 Thread 0x000001dcb6ea9a00 flushing  nmethod 0x000001dca0bb7d90
Event: 662.553 Thread 0x000001dcb6ea9a00 flushing  nmethod 0x000001dca0bb9110
Event: 662.553 Thread 0x000001dcb6ea9a00 flushing  nmethod 0x000001dca0bd7610
Event: 662.555 Thread 0x000001dcb6ea9a00 flushing  nmethod 0x000001dca0d84290

Events (20 events):
Event: 314.474 Thread 0x000001dcb6e9a0c0 Thread added: 0x000001dcb740d1d0
Event: 314.474 Thread 0x000001dcb6e9a0c0 Thread added: 0x000001dcb740e710
Event: 315.108 Thread 0x000001dcb740d1d0 Thread exited: 0x000001dcb740d1d0
Event: 315.108 Thread 0x000001dcb740e710 Thread exited: 0x000001dcb740e710
Event: 316.372 Thread 0x000001dcb6ea5fe0 Thread added: 0x000001dcb740b1f0
Event: 318.366 Thread 0x000001dcb740b1f0 Thread exited: 0x000001dcb740b1f0
Event: 319.847 Thread 0x000001dcb6ea5fe0 Thread added: 0x000001dcb740b1f0
Event: 319.952 Thread 0x000001dcb6ea5fe0 Thread added: 0x000001dcb740fc50
Event: 323.581 Thread 0x000001dcb740b1f0 Thread exited: 0x000001dcb740b1f0
Event: 323.581 Thread 0x000001dcb740fc50 Thread exited: 0x000001dcb740fc50
Event: 421.960 Thread 0x000001dcfd72d1d0 Thread added: 0x000001dcfd730470
Event: 496.958 Thread 0x000001dcfd72b880 Thread exited: 0x000001dcfd72b880
Event: 580.244 Thread 0x000001dcb6ea5fe0 Thread added: 0x000001dcb740c1e0
Event: 580.244 Thread 0x000001dcb6ea5fe0 Thread added: 0x000001dcb740d1d0
Event: 580.354 Thread 0x000001dcb740d1d0 Thread exited: 0x000001dcb740d1d0
Event: 582.240 Thread 0x000001dcb740c1e0 Thread exited: 0x000001dcb740c1e0
Event: 662.109 Thread 0x000001dcb6ea5fe0 Thread added: 0x000001dcb740c1e0
Event: 662.109 Thread 0x000001dcb6ea5fe0 Thread added: 0x000001dcb740e710
Event: 663.157 Thread 0x000001dcb740e710 Thread exited: 0x000001dcb740e710
Event: 663.157 Thread 0x000001dcb740c1e0 Thread exited: 0x000001dcb740c1e0


Dynamic libraries:
0x00007ff6b0920000 - 0x00007ff6b092e000 	C:\Program Files\Eclipse Adoptium\jdk-17.0.17.10-hotspot\bin\java.exe
0x00007ff957060000 - 0x00007ff9572c8000 	C:\WINDOWS\SYSTEM32\ntdll.dll
0x00007ff955260000 - 0x00007ff955329000 	C:\WINDOWS\System32\KERNEL32.DLL
0x00007ff9548a0000 - 0x00007ff954c98000 	C:\WINDOWS\System32\KERNELBASE.dll
0x00007ff9546c0000 - 0x00007ff95480b000 	C:\WINDOWS\System32\ucrtbase.dll
0x00007ff934470000 - 0x00007ff93448e000 	C:\Program Files\Eclipse Adoptium\jdk-17.0.17.10-hotspot\bin\VCRUNTIME140.dll
0x00007ff9344f0000 - 0x00007ff934508000 	C:\Program Files\Eclipse Adoptium\jdk-17.0.17.10-hotspot\bin\jli.dll
0x00007ff955c70000 - 0x00007ff955e37000 	C:\WINDOWS\System32\USER32.dll
0x00007ff954dd0000 - 0x00007ff954df7000 	C:\WINDOWS\System32\win32u.dll
0x00007ff9532c0000 - 0x00007ff953554000 	C:\WINDOWS\WinSxS\amd64_microsoft.windows.common-controls_6595b64144ccf1df_6.0.26100.7019_none_3e06ffa0e335b8a8\COMCTL32.dll
0x00007ff955ae0000 - 0x00007ff955b0b000 	C:\WINDOWS\System32\GDI32.dll
0x00007ff956740000 - 0x00007ff9567e9000 	C:\WINDOWS\System32\msvcrt.dll
0x00007ff954ca0000 - 0x00007ff954dcc000 	C:\WINDOWS\System32\gdi32full.dll
0x00007ff9541b0000 - 0x00007ff954253000 	C:\WINDOWS\System32\msvcp_win.dll
0x00007ff955220000 - 0x00007ff955251000 	C:\WINDOWS\System32\IMM32.DLL
0x00007ff9349a0000 - 0x00007ff9349ac000 	C:\Program Files\Eclipse Adoptium\jdk-17.0.17.10-hotspot\bin\vcruntime140_1.dll
0x00007ff912e10000 - 0x00007ff912e9d000 	C:\Program Files\Eclipse Adoptium\jdk-17.0.17.10-hotspot\bin\msvcp140.dll
0x00007ff8613c0000 - 0x00007ff86202b000 	C:\Program Files\Eclipse Adoptium\jdk-17.0.17.10-hotspot\bin\server\jvm.dll
0x00007ff9558a0000 - 0x00007ff955954000 	C:\WINDOWS\System32\ADVAPI32.dll
0x00007ff9569b0000 - 0x00007ff956a56000 	C:\WINDOWS\System32\sechost.dll
0x00007ff956620000 - 0x00007ff956738000 	C:\WINDOWS\System32\RPCRT4.dll
0x00007ff955bf0000 - 0x00007ff955c64000 	C:\WINDOWS\System32\WS2_32.dll
0x00007ff954030000 - 0x00007ff95408e000 	C:\WINDOWS\SYSTEM32\POWRPROF.dll
0x00007ff9494e0000 - 0x00007ff9494eb000 	C:\WINDOWS\SYSTEM32\VERSION.dll
0x00007ff93fb90000 - 0x00007ff93fbc5000 	C:\WINDOWS\SYSTEM32\WINMM.dll
0x00007ff954010000 - 0x00007ff954024000 	C:\WINDOWS\SYSTEM32\UMPDC.dll
0x00007ff952640000 - 0x00007ff95265b000 	C:\WINDOWS\SYSTEM32\kernel.appcore.dll
0x00007ff934940000 - 0x00007ff93494a000 	C:\Program Files\Eclipse Adoptium\jdk-17.0.17.10-hotspot\bin\jimage.dll
0x00007ff953990000 - 0x00007ff953bd2000 	C:\WINDOWS\SYSTEM32\DBGHELP.DLL
0x00007ff955330000 - 0x00007ff9556bb000 	C:\WINDOWS\System32\combase.dll
0x00007ff955b10000 - 0x00007ff955be7000 	C:\WINDOWS\System32\OLEAUT32.dll
0x00007ff953860000 - 0x00007ff95389c000 	C:\WINDOWS\SYSTEM32\dbgcore.DLL
0x00007ff954260000 - 0x00007ff954305000 	C:\WINDOWS\System32\bcryptPrimitives.dll
0x00007ff934ce0000 - 0x00007ff934cee000 	C:\Program Files\Eclipse Adoptium\jdk-17.0.17.10-hotspot\bin\instrument.dll
0x00007ff934400000 - 0x00007ff934425000 	C:\Program Files\Eclipse Adoptium\jdk-17.0.17.10-hotspot\bin\java.dll
0x00007ff8e5520000 - 0x00007ff8e55f7000 	C:\Program Files\Eclipse Adoptium\jdk-17.0.17.10-hotspot\bin\jsvml.dll
0x00007ff955ec0000 - 0x00007ff95660f000 	C:\WINDOWS\System32\SHELL32.dll
0x00007ff9543d0000 - 0x00007ff95453b000 	C:\WINDOWS\System32\wintypes.dll
0x00007ff951360000 - 0x00007ff951bbd000 	C:\WINDOWS\SYSTEM32\windows.storage.dll
0x00007ff954f90000 - 0x00007ff955082000 	C:\WINDOWS\System32\SHCORE.dll
0x00007ff955a20000 - 0x00007ff955a87000 	C:\WINDOWS\System32\shlwapi.dll
0x00007ff9540d0000 - 0x00007ff9540f9000 	C:\WINDOWS\SYSTEM32\profapi.dll
0x00007ff934330000 - 0x00007ff93434a000 	C:\Program Files\Eclipse Adoptium\jdk-17.0.17.10-hotspot\bin\net.dll
0x00007ff9490d0000 - 0x00007ff9491f8000 	C:\WINDOWS\SYSTEM32\WINHTTP.dll
0x00007ff952b70000 - 0x00007ff952bdb000 	C:\WINDOWS\system32\mswsock.dll
0x00007ff9334e0000 - 0x00007ff9334f6000 	C:\Program Files\Eclipse Adoptium\jdk-17.0.17.10-hotspot\bin\nio.dll
0x00007ff9334c0000 - 0x00007ff9334d8000 	C:\Program Files\Eclipse Adoptium\jdk-17.0.17.10-hotspot\bin\zip.dll
0x00007ff9334b0000 - 0x00007ff9334b9000 	C:\Program Files\Eclipse Adoptium\jdk-17.0.17.10-hotspot\bin\extnet.dll
0x000001dc986f0000 - 0x000001dc986f3000 	D:\Program Files\javafx-sdk-17.0.17\bin\api-ms-win-core-console-l1-1-0.dll
0x000001dcb7ef0000 - 0x000001dcb7ef3000 	D:\Program Files\javafx-sdk-17.0.17\bin\api-ms-win-core-console-l1-2-0.dll
0x000001dcb7f00000 - 0x000001dcb7f03000 	D:\Program Files\javafx-sdk-17.0.17\bin\api-ms-win-core-datetime-l1-1-0.dll
0x000001dcb7f10000 - 0x000001dcb7f13000 	D:\Program Files\javafx-sdk-17.0.17\bin\api-ms-win-core-debug-l1-1-0.dll
0x000001dcb7f20000 - 0x000001dcb7f23000 	D:\Program Files\javafx-sdk-17.0.17\bin\api-ms-win-core-errorhandling-l1-1-0.dll
0x000001dcb7f30000 - 0x000001dcb7f34000 	D:\Program Files\javafx-sdk-17.0.17\bin\api-ms-win-core-file-l1-1-0.dll
0x000001dcb7f40000 - 0x000001dcb7f43000 	D:\Program Files\javafx-sdk-17.0.17\bin\api-ms-win-core-file-l1-2-0.dll
0x000001dcb7f50000 - 0x000001dcb7f53000 	D:\Program Files\javafx-sdk-17.0.17\bin\api-ms-win-core-file-l2-1-0.dll
0x000001dcb7f60000 - 0x000001dcb7f63000 	D:\Program Files\javafx-sdk-17.0.17\bin\api-ms-win-core-handle-l1-1-0.dll
0x000001dcb7f70000 - 0x000001dcb7f73000 	D:\Program Files\javafx-sdk-17.0.17\bin\api-ms-win-core-heap-l1-1-0.dll
0x000001dcb7f80000 - 0x000001dcb7f83000 	D:\Program Files\javafx-sdk-17.0.17\bin\api-ms-win-core-interlocked-l1-1-0.dll
0x000001dcb7f90000 - 0x000001dcb7f93000 	D:\Program Files\javafx-sdk-17.0.17\bin\api-ms-win-core-libraryloader-l1-1-0.dll
0x000001dcb7fa0000 - 0x000001dcb7fa3000 	D:\Program Files\javafx-sdk-17.0.17\bin\api-ms-win-core-localization-l1-2-0.dll
0x000001dcb7fb0000 - 0x000001dcb7fb3000 	D:\Program Files\javafx-sdk-17.0.17\bin\api-ms-win-core-memory-l1-1-0.dll
0x000001dcb7fc0000 - 0x000001dcb7fc3000 	D:\Program Files\javafx-sdk-17.0.17\bin\api-ms-win-core-namedpipe-l1-1-0.dll
0x000001dcb7fd0000 - 0x000001dcb7fd3000 	D:\Program Files\javafx-sdk-17.0.17\bin\api-ms-win-core-processenvironment-l1-1-0.dll
0x000001dcb7fe0000 - 0x000001dcb7fe3000 	D:\Program Files\javafx-sdk-17.0.17\bin\api-ms-win-core-processthreads-l1-1-0.dll
0x000001dcb7ff0000 - 0x000001dcb7ff3000 	D:\Program Files\javafx-sdk-17.0.17\bin\api-ms-win-core-processthreads-l1-1-1.dll
0x000001dcfdfd0000 - 0x000001dcfdfd3000 	D:\Program Files\javafx-sdk-17.0.17\bin\api-ms-win-core-profile-l1-1-0.dll
0x000001dcfdfe0000 - 0x000001dcfdfe3000 	D:\Program Files\javafx-sdk-17.0.17\bin\api-ms-win-core-rtlsupport-l1-1-0.dll
0x000001dcfdff0000 - 0x000001dcfdff3000 	D:\Program Files\javafx-sdk-17.0.17\bin\api-ms-win-core-string-l1-1-0.dll
0x000001dcfe000000 - 0x000001dcfe003000 	D:\Program Files\javafx-sdk-17.0.17\bin\api-ms-win-core-synch-l1-1-0.dll
0x000001dcfe330000 - 0x000001dcfe333000 	D:\Program Files\javafx-sdk-17.0.17\bin\api-ms-win-core-synch-l1-2-0.dll
0x000001dcfe340000 - 0x000001dcfe343000 	D:\Program Files\javafx-sdk-17.0.17\bin\api-ms-win-core-sysinfo-l1-1-0.dll
0x000001dcfe350000 - 0x000001dcfe353000 	D:\Program Files\javafx-sdk-17.0.17\bin\api-ms-win-core-timezone-l1-1-0.dll
0x000001dcfe360000 - 0x000001dcfe363000 	D:\Program Files\javafx-sdk-17.0.17\bin\api-ms-win-core-util-l1-1-0.dll
0x000001dcfe010000 - 0x000001dcfe013000 	D:\Program Files\javafx-sdk-17.0.17\bin\api-ms-win-crt-conio-l1-1-0.dll
0x000001dcfe020000 - 0x000001dcfe024000 	D:\Program Files\javafx-sdk-17.0.17\bin\api-ms-win-crt-convert-l1-1-0.dll
0x000001dcfe030000 - 0x000001dcfe033000 	D:\Program Files\javafx-sdk-17.0.17\bin\api-ms-win-crt-environment-l1-1-0.dll
0x000001dcfe040000 - 0x000001dcfe043000 	D:\Program Files\javafx-sdk-17.0.17\bin\api-ms-win-crt-filesystem-l1-1-0.dll
0x000001dcfe050000 - 0x000001dcfe053000 	D:\Program Files\javafx-sdk-17.0.17\bin\api-ms-win-crt-heap-l1-1-0.dll
0x000001dcfe060000 - 0x000001dcfe063000 	D:\Program Files\javafx-sdk-17.0.17\bin\api-ms-win-crt-locale-l1-1-0.dll
0x000001dcfe070000 - 0x000001dcfe075000 	D:\Program Files\javafx-sdk-17.0.17\bin\api-ms-win-crt-math-l1-1-0.dll
0x000001dcfe080000 - 0x000001dcfe085000 	D:\Program Files\javafx-sdk-17.0.17\bin\api-ms-win-crt-multibyte-l1-1-0.dll
0x000001dcfe090000 - 0x000001dcfe0a0000 	D:\Program Files\javafx-sdk-17.0.17\bin\api-ms-win-crt-private-l1-1-0.dll
0x000001dcfe0a0000 - 0x000001dcfe0a3000 	D:\Program Files\javafx-sdk-17.0.17\bin\api-ms-win-crt-process-l1-1-0.dll
0x000001dcfe0b0000 - 0x000001dcfe0b4000 	D:\Program Files\javafx-sdk-17.0.17\bin\api-ms-win-crt-runtime-l1-1-0.dll
0x000001dcfe0c0000 - 0x000001dcfe0c4000 	D:\Program Files\javafx-sdk-17.0.17\bin\api-ms-win-crt-stdio-l1-1-0.dll
0x000001dcfe0d0000 - 0x000001dcfe0d4000 	D:\Program Files\javafx-sdk-17.0.17\bin\api-ms-win-crt-string-l1-1-0.dll
0x000001dcfe0e0000 - 0x000001dcfe0e3000 	D:\Program Files\javafx-sdk-17.0.17\bin\api-ms-win-crt-time-l1-1-0.dll
0x000001dcfe0f0000 - 0x000001dcfe0f3000 	D:\Program Files\javafx-sdk-17.0.17\bin\api-ms-win-crt-utility-l1-1-0.dll
0x00007ff8b4360000 - 0x00007ff8b445c000 	D:\Program Files\javafx-sdk-17.0.17\bin\ucrtbase.dll
0x00007ff932bb0000 - 0x00007ff932bcb000 	D:\Program Files\javafx-sdk-17.0.17\bin\vcruntime140.dll
0x00007ff933300000 - 0x00007ff93330c000 	D:\Program Files\javafx-sdk-17.0.17\bin\vcruntime140_1.dll
0x00007ff8e3ea0000 - 0x00007ff8e3f2e000 	D:\Program Files\javafx-sdk-17.0.17\bin\msvcp140.dll
0x00007ff9329c0000 - 0x00007ff9329c9000 	D:\Program Files\javafx-sdk-17.0.17\bin\msvcp140_1.dll
0x00007ff926dd0000 - 0x00007ff926e11000 	D:\Program Files\javafx-sdk-17.0.17\bin\msvcp140_2.dll
0x00007ff929b60000 - 0x00007ff929b8a000 	D:\Program Files\javafx-sdk-17.0.17\bin\prism_d3d.dll
0x00007ff92abc0000 - 0x00007ff92ad70000 	C:\WINDOWS\system32\d3d9.dll
0x00007ff94daf0000 - 0x00007ff94db20000 	C:\WINDOWS\SYSTEM32\dwmapi.dll
0x00007ff94d4e0000 - 0x00007ff94d523000 	C:\WINDOWS\SYSTEM32\dxcore.dll
0x00007ff94d290000 - 0x00007ff94d33a000 	C:\WINDOWS\system32\uxtheme.dll
0x00007ff8c7670000 - 0x00007ff8c781d000 	C:\WINDOWS\System32\DriverStore\FileRepository\iigd_dch.inf_amd64_9437e46374342218\igdumdim64.dll
0x00007ff9567f0000 - 0x00007ff956987000 	C:\WINDOWS\System32\ole32.dll
0x00007ff89e2e0000 - 0x00007ff8a1383000 	C:\WINDOWS\System32\DriverStore\FileRepository\iigd_dch.inf_amd64_9437e46374342218\igd9dxva64.dll
0x00007ff956b90000 - 0x00007ff95701a000 	C:\WINDOWS\System32\SETUPAPI.dll
0x00007ff953d00000 - 0x00007ff953d57000 	C:\WINDOWS\SYSTEM32\cfgmgr32.dll
0x00007ff9477d0000 - 0x00007ff947bd9000 	C:\WINDOWS\System32\DriverStore\FileRepository\iigd_dch.inf_amd64_9437e46374342218\igdgmm64.dll
0x00007ff94d450000 - 0x00007ff94d4b3000 	C:\WINDOWS\SYSTEM32\directxdatabasehelper.dll
0x00007ff919c70000 - 0x00007ff919cb2000 	D:\Program Files\javafx-sdk-17.0.17\bin\glass.dll
0x00007ff955120000 - 0x00007ff955212000 	C:\WINDOWS\System32\COMDLG32.dll
0x00007ff954e10000 - 0x00007ff954f6e000 	C:\WINDOWS\System32\MSCTF.dll
0x00007ff952120000 - 0x00007ff95224c000 	C:\WINDOWS\SYSTEM32\DNSAPI.dll
0x00007ff952090000 - 0x00007ff9520c4000 	C:\WINDOWS\SYSTEM32\IPHLPAPI.DLL
0x00007ff954e00000 - 0x00007ff954e0a000 	C:\WINDOWS\System32\NSI.dll
0x00007ff9433f0000 - 0x00007ff9433fb000 	C:\Windows\System32\rasadhlp.dll
0x00007ff948540000 - 0x00007ff9485c6000 	C:\WINDOWS\System32\fwpuclnt.dll
0x00007ff9329b0000 - 0x00007ff9329ba000 	C:\Program Files\Eclipse Adoptium\jdk-17.0.17.10-hotspot\bin\management.dll
0x00007ff8f4ca0000 - 0x00007ff8f4cc7000 	C:\WINDOWS\System32\DriverStore\FileRepository\iigd_dch.inf_amd64_9437e46374342218\igdinfo64.dll
0x00007ff9329a0000 - 0x00007ff9329ac000 	C:\Program Files\Eclipse Adoptium\jdk-17.0.17.10-hotspot\bin\management_ext.dll
0x00007ff956990000 - 0x00007ff956998000 	C:\WINDOWS\System32\PSAPI.DLL
0x00007ff943e70000 - 0x00007ff947606000 	C:\WINDOWS\System32\DriverStore\FileRepository\iigd_dch.inf_amd64_9437e46374342218\igc64.dll
0x00007ff953ce0000 - 0x00007ff953cfb000 	C:\WINDOWS\SYSTEM32\CRYPTSP.dll
0x00007ff952cc0000 - 0x00007ff952cfa000 	C:\WINDOWS\system32\rsaenh.dll
0x00007ff952be0000 - 0x00007ff952c0b000 	C:\WINDOWS\SYSTEM32\USERENV.dll
0x00007ff9540a0000 - 0x00007ff9540ca000 	C:\WINDOWS\SYSTEM32\bcrypt.dll
0x00007ff953170000 - 0x00007ff95317c000 	C:\WINDOWS\SYSTEM32\CRYPTBASE.dll
0x00007ff9494f0000 - 0x00007ff94950e000 	C:\WINDOWS\SYSTEM32\dhcpcsvc6.DLL
0x00007ff949330000 - 0x00007ff949353000 	C:\WINDOWS\SYSTEM32\dhcpcsvc.DLL
0x00007ff92b200000 - 0x00007ff92b218000 	C:\WINDOWS\system32\napinsp.dll

dbghelp: loaded successfully - version: 4.0.5 - missing functions: none
symbol engine: initialized successfully - sym options: 0x614 - pdb path: .;C:\Program Files\Eclipse Adoptium\jdk-17.0.17.10-hotspot\bin;C:\WINDOWS\SYSTEM32;C:\WINDOWS\WinSxS\amd64_microsoft.windows.common-controls_6595b64144ccf1df_6.0.26100.7019_none_3e06ffa0e335b8a8;C:\Program Files\Eclipse Adoptium\jdk-17.0.17.10-hotspot\bin\server;D:\Program Files\javafx-sdk-17.0.17\bin;C:\WINDOWS\System32\DriverStore\FileRepository\iigd_dch.inf_amd64_9437e46374342218;C:\Program Files\Common Files\Microsoft Shared\Ink

VM Arguments:
jvm_args: --module-path=D:\Program Files\javafx-sdk-17.0.17\lib --add-modules=javafx.controls,javafx.fxml -javaagent:D:\Program Files\IntelliJ IDEA 2025.2.5\lib\idea_rt.jar=57541 -Dfile.encoding=UTF-8 
java_command: com.entreprise.Main
java_class_path (initial): D:\4iir_DEV\Java Avanc\GestionEntreprises\target\classes;C:\Users\mouha\.m2\repository\org\openjfx\javafx-controls\17.0.2\javafx-controls-17.0.2.jar;C:\Users\mouha\.m2\repository\org\openjfx\javafx-controls\17.0.2\javafx-controls-17.0.2-win.jar;C:\Users\mouha\.m2\repository\org\openjfx\javafx-graphics\17.0.2\javafx-graphics-17.0.2.jar;C:\Users\mouha\.m2\repository\org\openjfx\javafx-graphics\17.0.2\javafx-graphics-17.0.2-win.jar;C:\Users\mouha\.m2\repository\org\openjfx\javafx-base\17.0.2\javafx-base-17.0.2.jar;C:\Users\mouha\.m2\repository\org\openjfx\javafx-base\17.0.2\javafx-base-17.0.2-win.jar;C:\Users\mouha\.m2\repository\org\openjfx\javafx-fxml\17.0.2\javafx-fxml-17.0.2.jar;C:\Users\mouha\.m2\repository\org\openjfx\javafx-fxml\17.0.2\javafx-fxml-17.0.2-win.jar;C:\Users\mouha\.m2\repository\com\microsoft\sqlserver\mssql-jdbc\12.6.1.jre11\mssql-jdbc-12.6.1.jre11.jar
Launcher Type: SUN_STANDARD

[Global flags]
     intx CICompilerCount                          = 4                                         {product} {ergonomic}
     uint ConcGCThreads                            = 2                                         {product} {ergonomic}
     uint G1ConcRefinementThreads                  = 8                                         {product} {ergonomic}
   size_t G1HeapRegionSize                         = 1048576                                   {product} {ergonomic}
    uintx GCDrainStackTargetSize                   = 64                                        {product} {ergonomic}
   size_t InitialHeapSize                          = 134217728                                 {product} {ergonomic}
   size_t MarkStackSize                            = 4194304                                   {product} {ergonomic}
   size_t MaxHeapSize                              = 2116026368                                {product} {ergonomic}
   size_t MaxNewSize                               = 1268776960                                {product} {ergonomic}
   size_t MinHeapDeltaBytes                        = 1048576                                   {product} {ergonomic}
   size_t MinHeapSize                              = 8388608                                   {product} {ergonomic}
    uintx NonNMethodCodeHeapSize                   = 5839372                                {pd product} {ergonomic}
    uintx NonProfiledCodeHeapSize                  = 122909434                              {pd product} {ergonomic}
    uintx ProfiledCodeHeapSize                     = 122909434                              {pd product} {ergonomic}
    uintx ReservedCodeCacheSize                    = 251658240                              {pd product} {ergonomic}
     bool SegmentedCodeCache                       = true                                      {product} {ergonomic}
   size_t SoftMaxHeapSize                          = 2116026368                             {manageable} {ergonomic}
     bool UseCompressedClassPointers               = true                           {product lp64_product} {ergonomic}
     bool UseCompressedOops                        = true                           {product lp64_product} {ergonomic}
     bool UseG1GC                                  = true                                      {product} {ergonomic}
     bool UseLargePagesIndividualAllocation        = false                                  {pd product} {ergonomic}

Logging:
Log output configuration:
 #0: stdout all=warning uptime,level,tags
 #1: stderr all=off uptime,level,tags

Environment Variables:
PATH=C:\Program Files\Eclipse Adoptium\jdk-17.0.17.10-hotspot\bin;D:\bin\;C:\oraclexe\app\oracle\product\11.2.0\server\bin;C:\WINDOWS\system32;C:\WINDOWS;C:\WINDOWS\System32\Wbem;C:\WINDOWS\System32\WindowsPowerShell\v1.0\;C:\WINDOWS\System32\OpenSSH\;C:\Program Files\Microsoft SQL Server\Client SDK\ODBC\170\Tools\Binn\;C:\xampp\php;C:\Users\mouha\AppData\Local\Programs\Python\Python313;C:\Users\mouha\AppData\Local\Programs\Python\Python313\Scripts;C:\Program Files\nodejs\;C:\ProgramData\ComposerSetup\bin;C:\Program Files\Microsoft SQL Server\150\Tools\Binn\;C:\Program Files (x86)\Microsoft SQL Server\160\Tools\Binn\;C:\Program Files\Microsoft SQL Server\160\Tools\Binn\;C:\Program Files\Microsoft SQL Server\160\DTS\Binn\;C:\Program Files\dotnet\;C:\Users\mouha\AppData\Local\Programs\Python\Launcher\;C:\Users\mouha\scoop\shims;C:\Users\mouha\AppData\Local\Microsoft\WindowsApps;C:\Users\mouha\AppData\Local\Programs\Microsoft VS Code\bin;C:\MinGW\bin;C:\Users\mouha\AppData\Local\Programs\Windsurf\bin;C:\Users\mouha\AppData\Roaming\npm;C:\Users\mouha\AppData\Roaming\Composer\vendor\bin;C:\Users\mouha\AppData\Local\GitHubDesktop\bin;C:\Program Files (x86)\SSH Communications Security\SSH Secure Shell;C:\Users\mouha\.dotnet\tools;D:\Program Files\IntelliJ IDEA 2025.2.5\bin;C:\Program Files\apache-maven-3.9.12\bin;
USERNAME=mouha
OS=Windows_NT
PROCESSOR_IDENTIFIER=Intel64 Family 6 Model 142 Stepping 10, GenuineIntel
TMP=C:\Windows\Temp
TEMP=C:\Windows\Temp



Periodic native trim disabled


---------------  S Y S T E M  ---------------

OS:
 Windows 11 , 64 bit Build 26100 (10.0.26100.7019)
OS uptime: 3 days 9:00 hours

CPU: total 8 (initial active 8) (4 cores per cpu, 2 threads per core) family 6 model 142 stepping 10 microcode 0xf4, cx8, cmov, fxsr, ht, mmx, 3dnowpref, sse, sse2, sse3, ssse3, sse4.1, sse4.2, popcnt, lzcnt, tsc, tscinvbit, avx, avx2, aes, erms, clmul, bmi1, bmi2, rtm, adx, fma, vzeroupper, clflush, clflushopt
Processor Information for all 8 processors :
  Max Mhz: 1896, Current Mhz: 1696, Mhz Limit: 1687

Memory: 4k page, system-wide physical 8070M (577M free)
TotalPageFile size 20332M (AvailPageFile size 9M)
current process WorkingSet (physical memory assigned to process): 96M, peak: 419M
current process commit charge ("private bytes"): 455M, peak: 520M

vm_info: OpenJDK 64-Bit Server VM (17.0.17+10) for windows-amd64 JRE (17.0.17+10), built on Oct 21 2025 23:25:32 by "admin" with unknown MS VC++:1942

END.
